# JRE version: OpenJDK Runtime Environment (11.0.8+10) (build 11.0.8+10-b944.6842174)
# Java VM: OpenJDK 64-Bit Server VM (11.0.8+10-b944.6842174, mixed mode, tiered, compressed oops, g1 gc, windows-amd64)
Heap:
 garbage-first heap   total 129024K, used 76922K [0x0000000080000000, 0x0000000100000000)
  region size 1024K, 5 young (5120K), 2 survivors (2048K)
 Metaspace       used 60289K, capacity 61928K, committed 62152K, reserved 1103872K
  class space    used 7675K, capacity 8247K, committed 8320K, reserved 1048576K
GC Heap History (20 events):
Event: 3.021 GC heap before
{Heap before GC invocations=1 (full 0):
 garbage-first heap   total 129024K, used 81665K [0x0000000080000000, 0x0000000100000000)
  region size 1024K, 75 young (76800K), 3 survivors (3072K)
 Metaspace       used 18328K, capacity 18763K, committed 19072K, reserved 1067008K
  class space    used 2195K, capacity 2339K, committed 2432K, reserved 1048576K
}
Event: 3.047 GC heap after
{Heap after GC invocations=2 (full 0):
 garbage-first heap   total 129024K, used 15640K [0x0000000080000000, 0x0000000100000000)
  region size 1024K, 10 young (10240K), 10 survivors (10240K)
 Metaspace       used 18328K, capacity 18763K, committed 19072K, reserved 1067008K
  class space    used 2195K, capacity 2339K, committed 2432K, reserved 1048576K
}
Event: 3.263 GC heap before
{Heap before GC invocations=2 (full 0):
 garbage-first heap   total 129024K, used 31000K [0x0000000080000000, 0x0000000100000000)
  region size 1024K, 26 young (26624K), 10 survivors (10240K)
 Metaspace       used 20572K, capacity 21139K, committed 21296K, reserved 1069056K
  class space    used 2516K, capacity 2688K, committed 2688K, reserved 1048576K
}
Event: 3.270 GC heap after
{Heap after GC invocations=3 (full 0):
 garbage-first heap   total 129024K, used 16813K [0x0000000080000000, 0x0000000100000000)
  region size 1024K, 1 young (1024K), 1 survivors (1024K)
 Metaspace       used 20572K, capacity 21139K, committed 21296K, reserved 1069056K
  class space    used 2516K, capacity 2688K, committed 2688K, reserved 1048576K
}
Event: 4.417 GC heap before
{Heap before GC invocations=4 (full 0):
 garbage-first heap   total 129024K, used 80301K [0x0000000080000000, 0x0000000100000000)
  region size 1024K, 55 young (56320K), 1 survivors (1024K)
 Metaspace       used 26188K, capacity 26933K, committed 27184K, reserved 1073152K
  class space    used 3410K, capacity 3651K, committed 3712K, reserved 1048576K
}
Event: 4.421 GC heap after
{Heap after GC invocations=5 (full 0):
 garbage-first heap   total 129024K, used 30267K [0x0000000080000000, 0x0000000100000000)
  region size 1024K, 6 young (6144K), 6 survivors (6144K)
 Metaspace       used 26188K, capacity 26933K, committed 27184K, reserved 1073152K
  class space    used 3410K, capacity 3651K, committed 3712K, reserved 1048576K
}
Event: 5.297 GC heap before
{Heap before GC invocations=5 (full 0):
 garbage-first heap   total 129024K, used 82491K [0x0000000080000000, 0x0000000100000000)
  region size 1024K, 58 young (59392K), 6 survivors (6144K)
 Metaspace       used 34714K, capacity 35580K, committed 35708K, reserved 1081344K
  class space    used 4512K, capacity 4864K, committed 4864K, reserved 1048576K
}
Event: 5.307 GC heap after
{Heap after GC invocations=6 (full 0):
 garbage-first heap   total 129024K, used 34215K [0x0000000080000000, 0x0000000100000000)
  region size 1024K, 4 young (4096K), 4 survivors (4096K)
 Metaspace       used 34714K, capacity 35580K, committed 35708K, reserved 1081344K
  class space    used 4512K, capacity 4864K, committed 4864K, reserved 1048576K
}
Event: 6.232 GC heap before
{Heap before GC invocations=7 (full 0):
 garbage-first heap   total 129024K, used 98727K [0x0000000080000000, 0x0000000100000000)
  region size 1024K, 58 young (59392K), 4 survivors (4096K)
 Metaspace       used 40376K, capacity 41445K, committed 41544K, reserved 1085440K
  class space    used 5176K, capacity 5561K, committed 5632K, reserved 1048576K
}
Event: 6.238 GC heap after
{Heap after GC invocations=8 (full 0):
 garbage-first heap   total 129024K, used 47266K [0x0000000080000000, 0x0000000100000000)
  region size 1024K, 8 young (8192K), 8 survivors (8192K)
 Metaspace       used 40376K, capacity 41445K, committed 41544K, reserved 1085440K
  class space    used 5176K, capacity 5561K, committed 5632K, reserved 1048576K
}
Event: 7.032 GC heap before
{Heap before GC invocations=8 (full 0):
 garbage-first heap   total 129024K, used 94370K [0x0000000080000000, 0x0000000100000000)
  region size 1024K, 54 young (55296K), 8 survivors (8192K)
 Metaspace       used 44259K, capacity 45416K, committed 45640K, reserved 1089536K
  class space    used 5666K, capacity 6048K, committed 6144K, reserved 1048576K
}
Event: 7.038 GC heap after
{Heap after GC invocations=9 (full 0):
 garbage-first heap   total 129024K, used 51003K [0x0000000080000000, 0x0000000100000000)
  region size 1024K, 4 young (4096K), 4 survivors (4096K)
 Metaspace       used 44259K, capacity 45416K, committed 45640K, reserved 1089536K
  class space    used 5666K, capacity 6048K, committed 6144K, reserved 1048576K
}
Event: 7.797 GC heap before
{Heap before GC invocations=9 (full 0):
 garbage-first heap   total 129024K, used 97083K [0x0000000080000000, 0x0000000100000000)
  region size 1024K, 49 young (50176K), 4 survivors (4096K)
 Metaspace       used 46879K, capacity 48153K, committed 48328K, reserved 1091584K
  class space    used 6016K, capacity 6443K, committed 6528K, reserved 1048576K
}
Event: 7.801 GC heap after
{Heap after GC invocations=10 (full 0):
 garbage-first heap   total 129024K, used 53338K [0x0000000080000000, 0x0000000100000000)
  region size 1024K, 6 young (6144K), 6 survivors (6144K)
 Metaspace       used 46879K, capacity 48153K, committed 48328K, reserved 1091584K
  class space    used 6016K, capacity 6443K, committed 6528K, reserved 1048576K
}
Event: 8.344 GC heap before
{Heap before GC invocations=10 (full 0):
 garbage-first heap   total 129024K, used 104538K [0x0000000080000000, 0x0000000100000000)
  region size 1024K, 51 young (52224K), 6 survivors (6144K)
 Metaspace       used 49278K, capacity 50816K, committed 50888K, reserved 1093632K
  class space    used 6293K, capacity 6772K, committed 6784K, reserved 1048576K
}
Event: 8.351 GC heap after
{Heap after GC invocations=11 (full 0):
 garbage-first heap   total 129024K, used 68280K [0x0000000080000000, 0x0000000100000000)
  region size 1024K, 7 young (7168K), 7 survivors (7168K)
 Metaspace       used 49278K, capacity 50816K, committed 50888K, reserved 1093632K
  class space    used 6293K, capacity 6772K, committed 6784K, reserved 1048576K
}
Event: 8.732 GC heap before
{Heap before GC invocations=11 (full 0):
 garbage-first heap   total 129024K, used 101048K [0x0000000080000000, 0x0000000100000000)
  region size 1024K, 39 young (39936K), 7 survivors (7168K)
 Metaspace       used 53876K, capacity 55479K, committed 55624K, reserved 1097728K
  class space    used 6885K, capacity 7409K, committed 7424K, reserved 1048576K
}
Event: 8.736 GC heap after
{Heap after GC invocations=12 (full 0):
 garbage-first heap   total 129024K, used 69683K [0x0000000080000000, 0x0000000100000000)
  region size 1024K, 2 young (2048K), 2 survivors (2048K)
 Metaspace       used 53876K, capacity 55479K, committed 55624K, reserved 1097728K
  class space    used 6885K, capacity 7409K, committed 7424K, reserved 1048576K
}
Event: 9.179 GC heap before
{Heap before GC invocations=13 (full 0):
 garbage-first heap   total 129024K, used 101427K [0x0000000080000000, 0x0000000100000000)
  region size 1024K, 34 young (34816K), 2 survivors (2048K)
 Metaspace       used 58100K, capacity 59758K, committed 59848K, reserved 1101824K
  class space    used 7416K, capacity 8003K, committed 8064K, reserved 1048576K
}
Event: 9.182 GC heap after
{Heap after GC invocations=14 (full 0):
 garbage-first heap   total 129024K, used 72107K [0x0000000080000000, 0x0000000100000000)
  region size 1024K, 4 young (4096K), 4 survivors (4096K)
 Metaspace       used 58100K, capacity 59758K, committed 59848K, reserved 1101824K
  class space    used 7416K, capacity 8003K, committed 8064K, reserved 1048576K
}

